
<!DOCTYPE html>
<!--[if IEMobile 7 ]><html class="no-js iem7"><![endif]-->
<!--[if lt IE 9]><html class="no-js lte-ie8"><![endif]-->
<!--[if (gt IE 8)|(gt IEMobile 7)|!(IEMobile)|!(IE)]><!--><html class="no-js" lang="en"><!--<![endif]-->
<head>
  <meta charset="utf-8">
  <title>[Oracle] スター型変換の使用 - th0x4c 備忘録</title>
  <meta name="author" content="Takashi Hashizume">

  
  <meta name="description" content="目的 スター型変換を行い、スター・クエリーをチューニングする。 環境 OS: Oracle Enterprise Linux 5.8
DB: Oracle Database 11g Release 2 (11.2.0.3) マニュアル データ・ウェアハウス・ガイド
-> 20 &hellip;">
  

  <!-- http://t.co/dKP3o1e -->
  <meta name="HandheldFriendly" content="True">
  <meta name="MobileOptimized" content="320">
  <meta name="viewport" content="width=device-width, initial-scale=1">

  
  <link rel="canonical" href="http://th0x4c.github.com/blog/2012/09/13/oracle-star-transformation/">
  <link href="/favicon.png" rel="icon">
  <link href="/stylesheets/screen.css" media="screen, projection" rel="stylesheet" type="text/css">
  <script src="/javascripts/modernizr-2.0.js"></script>
  <script src="/javascripts/ender.js"></script>
  <script src="/javascripts/octopress.js" type="text/javascript"></script>
  <link href="/atom.xml" rel="alternate" title="th0x4c 備忘録" type="application/atom+xml">
  <!--Fonts from Google"s Web font directory at http://google.com/webfonts -->
<link href="http://fonts.googleapis.com/css?family=PT+Serif:regular,italic,bold,bolditalic" rel="stylesheet" type="text/css">
<link href="http://fonts.googleapis.com/css?family=PT+Sans:regular,italic,bold,bolditalic" rel="stylesheet" type="text/css">

  

</head>

<body   >
  <header role="banner"><hgroup>
  <h1><a href="/">th0x4c 備忘録</a></h1>
  
</hgroup>

</header>
  <nav role="navigation"><ul class="subscription" data-subscription="rss">
  <li><a href="/atom.xml" rel="subscribe-rss" title="subscribe via RSS">RSS</a></li>
  
</ul>
  
<form action="http://google.com/search" method="get">
  <fieldset role="search">
    <input type="hidden" name="q" value="site:th0x4c.github.com" />
    <input class="search" type="text" name="q" results="0" placeholder="Search"/>
  </fieldset>
</form>
  
<ul class="main-navigation">
  <li><a href="/">Blog</a></li>
  <li><a href="/blog/archives">Archives</a></li>
</ul>

</nav>
  <div id="main">
    <div id="content">
      <div>
<article class="hentry" role="article">
  
  <header>
    
      <h1 class="entry-title">[Oracle] スター型変換の使用</h1>
    
    
      <p class="meta">
        








  


<time datetime="2012-09-13T01:14:00+09:00" pubdate data-updated="true">Sep 13<span>th</span>, 2012</time>
        
      </p>
    
  </header>


<div class="entry-content"><h2>目的</h2>

<p>スター型変換を行い、スター・クエリーをチューニングする。</p>

<h2>環境</h2>

<ul>
<li>OS: Oracle Enterprise Linux 5.8</li>
<li>DB: Oracle Database 11g Release 2 (11.2.0.3)</li>
</ul>


<h2>マニュアル</h2>

<ul>
<li>データ・ウェアハウス・ガイド<br/>
-> 20 スキーマのモデリング化技法<br/>
-> <a href="http://docs.oracle.com/cd/E16338_01/server.112/b56309/schemas.htm#CIHGHEFB">スター・クエリーの最適化</a></li>
</ul>


<h2>スター型変換を使用したスター・クエリーのチューニング</h2>

<p>スター型変換を行い、スター・クエリーをチューニングする。
スター・クエリーは1つの大規模なファクト表と、複数の小規模なディメンション表を結合するようなクエリー。ファクト表が大きいため、ファクト表をなるべく条件を絞り込んだ後でアクセスするような特別な結合(スター結合)をしたほうが効率がよい。このために暗黙的に SQL をリライト(または変換)する機能をスター型変換という。</p>

<p>スター型変換を行うためには、以下に従う必要がある。</p>

<ol>
<li>ビットマップ索引をファクト表の各外部キー列上に作成する必要がある。</li>
<li>初期化パラメータ <code>STAR_TRANSFORMATION_ENABLED</code> を <code>TRUE</code> に設定する必要がある。</li>
</ol>


<p>検証してみる。</p>

<ul>
<li>表、データを準備</li>
</ul>


<p>ディメンション表 <code>jobs</code>, <code>dates</code>, ファクト表 <code>emp_fact</code> を作成</p>

<pre><code>$ sqlplus scott/tiger
SQL&gt; -- ディメンション表 jobs
SQL&gt; CREATE TABLE jobs
     AS SELECT rownum job_id, job
     FROM (SELECT DISTINCT job FROM emp);

Table created.

SQL&gt; ALTER TABLE jobs ADD (CONSTRAINT jobs_pk PRIMARY KEY (job_id) VALIDATE);

Table altered.

SQL&gt; -- ディメンション表 dates
SQL&gt; CREATE TABLE dates
     AS SELECT rownum date_id, hiredate, to_char(hiredate, 'YYYY') year
     FROM (SELECT DISTINCT hiredate FROM emp);

Table created.

SQL&gt; ALTER TABLE dates ADD (CONSTRAINT dates_pk PRIMARY KEY (date_id) VALIDATE);

Table altered.

SQL&gt; -- ファクト表 emp_fact
SQL&gt; CREATE TABLE emp_fact
     AS SELECT e.empno, e.ename, j.job_id, e.mgr, d.date_id, e.sal, e.comm, e.deptno
     FROM emp e, dates d, jobs j
     WHERE e.job = j.job AND e.hiredate = d.hiredate;

Table created.

SQL&gt; ALTER TABLE emp_fact ADD (CONSTRAINT emp_fact_jobs_fk FOREIGN KEY(job_id) REFERENCES jobs(job_id) VALIDATE);

Table altered.

SQL&gt; ALTER TABLE emp_fact ADD (CONSTRAINT emp_fact_dates_fk FOREIGN KEY(date_id) REFERENCES dates(date_id) VALIDATE);

Table altered.

SQL&gt; -- データロード
SQL&gt; INSERT INTO emp_fact SELECT * FROM emp_fact;

14 rows created.

SQL&gt; /

28 rows created.
...(以下繰り返す)

SQL&gt; /

114688 rows created.

SQL&gt; COMMIT;

Commit complete.

SQL&gt; -- 統計情報取得
SQL&gt; EXEC DBMS_STATS.GATHER_SCHEMA_STATS('scott');

PL/SQL procedure successfully completed.
</code></pre>

<ul>
<li>スター変換の確認方法</li>
</ul>


<p>スター変換されているかどうかは <code>set autotrace trace exp</code> 等の実行計画から確認する。
例えば <code>set autotrace trace exp</code> で <code>Note</code> に以下の出力があればスター変換されている。</p>

<pre><code>Note 
-----
   - star transformation used for this statement
</code></pre>

<p>ちなみに <code>set autotrace</code> を使用するためには <code>PLUSTRACE</code> ロールが必要で、以下のように作成する。</p>

<pre><code>SQL&gt; connect /as sysdba              
Connected.
SQL&gt; @?/sqlplus/admin/plustrce.sql

SQL&gt; GRANT plustrace TO scott;

Grant succeeded.
</code></pre>

<ul>
<li>スター変換なしの場合</li>
</ul>


<p>以下の SELECT 文で試してみる。</p>

<pre><code>SQL&gt; set timing on
SQL&gt; set autotrace on
SQL&gt; set lines 200
SQL&gt; SELECT j.job, d.year, SUM(e.sal), d.dname
     FROM emp_fact e, jobs j, dates d, dept d
     WHERE e.job_id = j.job_id
     AND   e.date_id = d.date_id
     AND   e.deptno = d.deptno
     AND   j.job = 'CLERK'
     AND   d.year in ('1980', '1987')
     GROUP BY j.job, d.year, d.dname;

JOB                         YEAR         SUM(E.SAL) DNAME
--------------------------- ------------ ---------- ------------------------------------------
CLERK                       1987           18022400 RESEARCH
CLERK                       1980           13107200 RESEARCH

Elapsed: 00:00:00.04

Execution Plan
----------------------------------------------------------
Plan hash value: 3373499036

------------------------------------------------------------------------------------
| Id  | Operation               | Name     | Rows  | Bytes | Cost (%CPU)| Time     |
------------------------------------------------------------------------------------
|   0 | SELECT STATEMENT        |          |     4 |   180 |   324   (3)| 00:00:04 |
|   1 |  HASH GROUP BY          |          |     4 |   180 |   324   (3)| 00:00:04 |
|*  2 |   HASH JOIN             |          | 22938 |  1008K|   323   (2)| 00:00:04 |
|   3 |    TABLE ACCESS FULL    | DEPT     |     4 |    52 |     3   (0)| 00:00:01 |
|*  4 |    HASH JOIN            |          | 22938 |   716K|   319   (2)| 00:00:04 |
|   5 |     MERGE JOIN CARTESIAN|          |     7 |   133 |     6   (0)| 00:00:01 |
|*  6 |      TABLE ACCESS FULL  | JOBS     |     1 |    11 |     3   (0)| 00:00:01 |
|   7 |      BUFFER SORT        |          |     7 |    56 |     3   (0)| 00:00:01 |
|*  8 |       TABLE ACCESS FULL | DATES    |     7 |    56 |     3   (0)| 00:00:01 |
|   9 |     TABLE ACCESS FULL   | EMP_FACT |   229K|  2912K|   312   (2)| 00:00:04 |
------------------------------------------------------------------------------------

Predicate Information (identified by operation id):
---------------------------------------------------

   2 - access("E"."DEPTNO"="D"."DEPTNO")
   4 - access("E"."JOB_ID"="J"."JOB_ID" AND "E"."DATE_ID"="D"."DATE_ID")
   6 - filter("J"."JOB"='CLERK')
   8 - filter("D"."YEAR"='1980' OR "D"."YEAR"='1987')


Statistics
----------------------------------------------------------
          0  recursive calls
          1  db block gets
       1098  consistent gets
          0  physical reads
          0  redo size
        824  bytes sent via SQL*Net to client
        524  bytes received via SQL*Net from client
          2  SQL*Net roundtrips to/from client
          1  sorts (memory)
          0  sorts (disk)
          2  rows processed
</code></pre>

<p>0.04 秒かかっている。</p>

<ul>
<li>スター型変換</li>
</ul>


<p>スター型変換するようにビットマップ索引を作成し、初期化パラメータ<code>ALTER SESSION SET STAR_TRANSFORMATION_ENABLED</code> を <code>TRUE</code> にして再実行する。</p>

<pre><code>SQL&gt; -- ビットマップ索引を作成
SQL&gt; CREATE BITMAP INDEX emp_fact_job_bix ON emp_fact(job_id);

Index created.

SQL&gt; CREATE BITMAP INDEX emp_fact_date_bix ON emp_fact(date_id);

Index created.

SQL&gt; CREATE BITMAP INDEX emp_fact_dept_bix ON emp_fact(deptno);

Index created.

SQL&gt; -- 統計情報採取
SQL&gt; EXEC DBMS_STATS.GATHER_SCHEMA_STATS('scott');

PL/SQL procedure successfully completed.

SQL&gt; -- 初期化パラメータ変更
SQL&gt; SQL&gt; ALTER SESSION SET STAR_TRANSFORMATION_ENABLED = TRUE

Session altered.
</code></pre>

<p>先ほどと同じ SELECT を実行する。</p>

<pre><code>SQL&gt; set timing on
SQL&gt; set autotrace on
SQL&gt; set lines 200
SQL&gt; SELECT j.job, d.year, SUM(e.sal), d.dname
     FROM emp_fact e, jobs j, dates d, dept d
     WHERE e.job_id = j.job_id
     AND   e.date_id = d.date_id
     AND   e.deptno = d.deptno
     AND   j.job = 'CLERK'
     AND   d.year in ('1980', '1987')
     GROUP BY j.job, d.year, d.dname;

JOB                         YEAR         SUM(E.SAL) DNAME
--------------------------- ------------ ---------- ------------------------------------------
CLERK                       1987           18022400 RESEARCH
CLERK                       1980           13107200 RESEARCH

Elapsed: 00:00:00.02

Execution Plan
----------------------------------------------------------
Plan hash value: 4243144607

------------------------------------------------------------------------------------------------------
| Id  | Operation                        | Name              | Rows  | Bytes | Cost (%CPU)| Time     |
------------------------------------------------------------------------------------------------------
|   0 | SELECT STATEMENT                 |                   |     4 |   216 |   322   (1)| 00:00:04 |
|   1 |  HASH GROUP BY                   |                   |     4 |   216 |   322   (1)| 00:00:04 |
|*  2 |   HASH JOIN                      |                   |  8823 |   465K|   321   (1)| 00:00:04 |
|   3 |    TABLE ACCESS FULL             | DEPT              |     4 |    52 |     3   (0)| 00:00:01 |
|*  4 |    HASH JOIN                     |                   |  8823 |   353K|   318   (1)| 00:00:04 |
|   5 |     MERGE JOIN CARTESIAN         |                   |     3 |    57 |     6   (0)| 00:00:01 |
|*  6 |      TABLE ACCESS FULL           | JOBS              |     1 |    11 |     3   (0)| 00:00:01 |
|   7 |      BUFFER SORT                 |                   |     3 |    24 |     3   (0)| 00:00:01 |
|*  8 |       TABLE ACCESS FULL          | DATES             |     3 |    24 |     3   (0)| 00:00:01 |
|   9 |     VIEW                         | VW_ST_7A68B670    | 10587 |   227K|   311   (0)| 00:00:04 |
|  10 |      NESTED LOOPS                |                   | 10587 |   444K|   305   (0)| 00:00:04 |
|  11 |       BITMAP CONVERSION TO ROWIDS|                   | 10586 |   186K|     6   (0)| 00:00:01 |
|  12 |        BITMAP AND                |                   |       |       |            |          |
|  13 |         BITMAP MERGE             |                   |       |       |            |          |
|  14 |          BITMAP KEY ITERATION    |                   |       |       |            |          |
|* 15 |           TABLE ACCESS FULL      | JOBS              |     1 |    11 |     3   (0)| 00:00:01 |
|* 16 |           BITMAP INDEX RANGE SCAN| EMP_FACT_JOB_BIX  |       |       |            |          |
|  17 |         BITMAP MERGE             |                   |       |       |            |          |
|  18 |          BITMAP KEY ITERATION    |                   |       |       |            |          |
|* 19 |           TABLE ACCESS FULL      | DATES             |     3 |    24 |     3   (0)| 00:00:01 |
|* 20 |           BITMAP INDEX RANGE SCAN| EMP_FACT_DATE_BIX |       |       |            |          |
|  21 |       TABLE ACCESS BY USER ROWID | EMP_FACT          |     1 |    25 |   305   (1)| 00:00:04 |
------------------------------------------------------------------------------------------------------

Predicate Information (identified by operation id):
---------------------------------------------------

   2 - access("ITEM_1"="D"."DEPTNO")
   4 - access("ITEM_3"="J"."JOB_ID" AND "ITEM_2"="D"."DATE_ID")
   6 - filter("J"."JOB"='CLERK')
   8 - filter("D"."YEAR"='1980' OR "D"."YEAR"='1987')
  15 - filter("J"."JOB"='CLERK')
  16 - access("E"."JOB_ID"="J"."JOB_ID")
  19 - filter("D"."YEAR"='1980' OR "D"."YEAR"='1987')
  20 - access("E"."DATE_ID"="D"."DATE_ID")

Note
-----
   - star transformation used for this statement


Statistics
----------------------------------------------------------
          1  recursive calls
          0  db block gets
       1075  consistent gets
          0  physical reads
          0  redo size
        824  bytes sent via SQL*Net to client
        524  bytes received via SQL*Net from client
          2  SQL*Net roundtrips to/from client
          1  sorts (memory)
          0  sorts (disk)
          2  rows processed
</code></pre>

<p>今回は、<code>star transformation used for this statement</code> の出力があるようにスター型変換されており、実行時間も 0.02秒と改善されている。</p>
</div>


  <footer>
    <p class="meta">
      
  

<span class="byline author vcard">Posted by <span class="fn">Takashi Hashizume</span></span>

      








  


<time datetime="2012-09-13T01:14:00+09:00" pubdate data-updated="true">Sep 13<span>th</span>, 2012</time>
      

<span class="categories">
  
    <a class='category' href='/blog/categories/11gr2/'>11gR2</a>, <a class='category' href='/blog/categories/db/'>DB</a>, <a class='category' href='/blog/categories/oracle/'>Oracle</a>
  
</span>


    </p>
    
      <div class="sharing">
  
  <a href="http://twitter.com/share" class="twitter-share-button" data-url="http://th0x4c.github.com/blog/2012/09/13/oracle-star-transformation/" data-via="" data-counturl="http://th0x4c.github.com/blog/2012/09/13/oracle-star-transformation/" >Tweet</a>
  
  
  
</div>

    
    <p class="meta">
      
        <a class="basic-alignment left" href="/blog/2012/09/12/oracle-transportable-tablespace/" title="Previous Post: Oracle トランスポータブル表領域">&laquo; Oracle トランスポータブル表領域</a>
      
      
        <a class="basic-alignment right" href="/blog/2012/09/16/oracle-securefiles-lob/" title="Next Post: [Oracle] BasicFiles LOB から SecureFiles LOB への移行">[Oracle] BasicFiles LOB から SecureFiles LOB への移行 &raquo;</a>
      
    </p>
  </footer>
</article>

</div>

<aside class="sidebar">
  
    <section>
  <h1>Recent Posts</h1>
  <ul id="recent_posts">
    
      <li class="post">
        <a href="/blog/2012/09/16/oracle-sql-plan-management/">[Oracle] SQL 計画管理</a>
      </li>
    
      <li class="post">
        <a href="/blog/2012/09/16/oracle-does-not-invalidate-the-dependent-cursors-when-gathering-statistics/">[Oracle] カーソルを無効にしない統計情報の取得</a>
      </li>
    
      <li class="post">
        <a href="/blog/2012/09/16/oracle-multicolumn-statistics/">[Oracle] 複数列の統計</a>
      </li>
    
      <li class="post">
        <a href="/blog/2012/09/16/oracle-result-cache/">[Oracle] 結果キャッシュ</a>
      </li>
    
      <li class="post">
        <a href="/blog/2012/09/16/oracle-flashback-data-archive-oracle-total-recall/">[Oracle] フラッシュバック・データ・アーカイブ(Oracle Total Recall)</a>
      </li>
    
  </ul>
</section>

<section>
  <h1>GitHub Repos</h1>
  <ul id="gh_repos">
    <li class="loading">Status updating...</li>
  </ul>
  
  <a href="https://github.com/th0x4c">@th0x4c</a> on GitHub
  
  <script type="text/javascript">
    $.domReady(function(){
        if (!window.jXHR){
            var jxhr = document.createElement('script');
            jxhr.type = 'text/javascript';
            jxhr.src = '/javascripts/libs/jXHR.js';
            var s = document.getElementsByTagName('script')[0];
            s.parentNode.insertBefore(jxhr, s);
        }

        github.showRepos({
            user: 'th0x4c',
            count: 5,
            skip_forks: true,
            target: '#gh_repos'
        });
    });
  </script>
  <script src="/javascripts/github.js" type="text/javascript"> </script>
</section>






  
</aside>


    </div>
  </div>
  <footer role="contentinfo"><p>
  Copyright &copy; 2012 - Takashi Hashizume -
  <span class="credit">Powered by <a href="http://octopress.org">Octopress</a></span>
</p>

</footer>
  







  <script type="text/javascript">
    (function(){
      var twitterWidgets = document.createElement('script');
      twitterWidgets.type = 'text/javascript';
      twitterWidgets.async = true;
      twitterWidgets.src = 'http://platform.twitter.com/widgets.js';
      document.getElementsByTagName('head')[0].appendChild(twitterWidgets);
    })();
  </script>





</body>
</html>
